{"ID":"7EDA640A-D318-4295-B498-9983148A0E67","NAME":"HERICK-0 IS EVEN","AT":1707871212595}
{"ID":"2614E199-1367-410E-B129-F4994AB1A2D7","NAME":"HERICK-2 IS EVEN","AT":1707871212595}
{"ID":"4568D4DC-1841-4A76-949E-E4C59116EC9E","NAME":"HERICK-4 IS EVEN","AT":1707871212595}
{"ID":"E2002681-467C-4511-8318-65B932BBB1A5","NAME":"HERICK-6 IS EVEN","AT":1707871212595}
{"ID":"81C9C564-039C-4CE5-872D-E1ED7C024B21","NAME":"HERICK-8 IS EVEN","AT":1707871212595}
{"ID":"B64C5316-96E7-4CCE-97CD-E40975306F67","NAME":"HERICK-10 IS EVEN","AT":1707871212595}
{"ID":"3B557551-1AFA-4328-A02D-3F6C321DE8B7","NAME":"HERICK-12 IS EVEN","AT":1707871212595}
{"ID":"02B5AB76-9FF3-4138-8582-323EF105A7DE","NAME":"HERICK-14 IS EVEN","AT":1707871212595}
{"ID":"CEAB7101-81E3-476B-B3C0-AA8CE102D754","NAME":"HERICK-16 IS EVEN","AT":1707871212595}
{"ID":"CC4FF834-D360-4A7F-8B11-6C806A5865C6","NAME":"HERICK-18 IS EVEN","AT":1707871212595}
{"ID":"639CCD01-57BA-4088-9A09-1E87253D2828","NAME":"HERICK-20 IS EVEN","AT":1707871212595}
{"ID":"6450370D-BE27-482A-B47A-BC56CC30B54F","NAME":"HERICK-22 IS EVEN","AT":1707871212595}
{"ID":"03799048-B409-4175-B503-511CAB998A0D","NAME":"HERICK-24 IS EVEN","AT":1707871212595}
{"ID":"98BBBC2F-E984-47C0-B3AA-B80A3C892AAE","NAME":"HERICK-26 IS EVEN","AT":1707871212595}
{"ID":"539DCB3D-4C31-4625-B5CE-CAC205EE1DF0","NAME":"HERICK-28 IS EVEN","AT":1707871212595}
{"ID":"DBC1FF8B-192B-4289-9386-2C8983FF7CAD","NAME":"HERICK-30 IS EVEN","AT":1707871212595}
{"ID":"07109396-CB0F-47B7-AE75-C91FCB0B04F9","NAME":"HERICK-32 IS EVEN","AT":1707871212595}
{"ID":"9DCCE0C4-F2D4-4B22-9A70-B9E8BB1B34E5","NAME":"HERICK-34 IS EVEN","AT":1707871212595}
{"ID":"52AF7F69-B18F-42A0-B9B2-85B36EAE6497","NAME":"HERICK-36 IS EVEN","AT":1707871212595}
{"ID":"ED16813E-3C74-46AB-A320-2FC7BBC1B5F0","NAME":"HERICK-38 IS EVEN","AT":1707871212595}
{"ID":"C6C20F5A-5BEF-45E6-8FC0-AAE945FAF6C0","NAME":"HERICK-40 IS EVEN","AT":1707871212595}
{"ID":"36C59E56-CE80-44D2-9F95-1F10428AAAEA","NAME":"HERICK-42 IS EVEN","AT":1707871212595}
{"ID":"691E326F-1DAF-4166-8C4D-E652A171D24A","NAME":"HERICK-44 IS EVEN","AT":1707871212595}
{"ID":"ED1B5C7E-A5CF-4ACF-97B5-0732B1553174","NAME":"HERICK-46 IS EVEN","AT":1707871212595}
{"ID":"DA2E0B4B-3513-4A65-A52A-690041365A07","NAME":"HERICK-48 IS EVEN","AT":1707871212595}
{"ID":"105B9B18-4FB2-43B0-8D5E-36ED11F038AA","NAME":"HERICK-50 IS EVEN","AT":1707871212595}
{"ID":"34FCEC8B-E9BE-447F-9D78-EA47E3E76A80","NAME":"HERICK-52 IS EVEN","AT":1707871212595}
{"ID":"3F432E63-AF02-41FC-9064-D5AA93C0ABA5","NAME":"HERICK-54 IS EVEN","AT":1707871212595}
{"ID":"E744F91D-06C3-459D-9EEE-B2F7B7F8ABBB","NAME":"HERICK-56 IS EVEN","AT":1707871212595}
{"ID":"E5672ABD-B5E0-468E-BEDC-350A5A4ECCDD","NAME":"HERICK-58 IS EVEN","AT":1707871212595}
{"ID":"4DE09214-01CC-414B-B4C7-F3C9F5E6E5D5","NAME":"HERICK-60 IS EVEN","AT":1707871212595}
{"ID":"06C8B8A8-7D83-4610-A881-BEB4992F2191","NAME":"HERICK-62 IS EVEN","AT":1707871212595}
{"ID":"D4247BD1-38D2-4E08-A300-8E261768CDD2","NAME":"HERICK-64 IS EVEN","AT":1707871212595}
{"ID":"75D320EF-B775-4FFC-B60D-6F2A5D10282F","NAME":"HERICK-66 IS EVEN","AT":1707871212595}
{"ID":"D0EDDDB0-A7A7-4C35-8B24-8BF20C5E0317","NAME":"HERICK-68 IS EVEN","AT":1707871212595}
{"ID":"050ACB01-D2CA-4FE7-9A31-5349F2F46F44","NAME":"HERICK-70 IS EVEN","AT":1707871212595}
{"ID":"3D2D739D-EFBD-4E54-B114-D78D11DEAC6B","NAME":"HERICK-72 IS EVEN","AT":1707871212595}
{"ID":"5A479FB1-D392-4465-A90F-5C76B63ADC79","NAME":"HERICK-74 IS EVEN","AT":1707871212595}
{"ID":"C6311A37-0110-456D-962E-6F372EDD48E7","NAME":"HERICK-76 IS EVEN","AT":1707871212595}
{"ID":"801A19B7-BFFD-4E2F-BE52-07F5E72DEEE2","NAME":"HERICK-78 IS EVEN","AT":1707871212595}
{"ID":"FE4CC8AA-C1B4-4C14-9FA0-1630C4C054C4","NAME":"HERICK-80 IS EVEN","AT":1707871212595}
{"ID":"7C278DBF-A413-4971-814B-C83FA272B3E0","NAME":"HERICK-82 IS EVEN","AT":1707871212595}
{"ID":"1952DEB3-16A0-483A-98CE-1A6A074E2818","NAME":"HERICK-84 IS EVEN","AT":1707871212595}
{"ID":"C0A0133A-AD36-4DF1-8EF9-58745319A798","NAME":"HERICK-86 IS EVEN","AT":1707871212595}
{"ID":"8E838A83-E0BC-4C18-AC47-4E2866193C8A","NAME":"HERICK-88 IS EVEN","AT":1707871212595}
{"ID":"6B6E92A4-5B9E-461F-AFF4-1A62E0C592AC","NAME":"HERICK-90 IS EVEN","AT":1707871212595}
{"ID":"5D17907C-83F6-4BB9-920F-5998FECEB459","NAME":"HERICK-92 IS EVEN","AT":1707871212595}
{"ID":"D12CB00D-FCF7-48AF-83B5-12C9604A6E3A","NAME":"HERICK-94 IS EVEN","AT":1707871212595}
{"ID":"BDD4C6FA-CD95-4961-AA10-DE9FD037ED56","NAME":"HERICK-96 IS EVEN","AT":1707871212595}
{"ID":"59DA68FD-7865-4880-B8EF-8B3C8289D9B4","NAME":"HERICK-98 IS EVEN","AT":1707871212595}
{"ID":"4B1EA3B2-0FB7-4E87-BBCF-B696959AC342","NAME":"HERICK-0 IS EVEN","AT":1707871250381}
{"ID":"09CA6A0D-5C62-4B6C-851E-39E1097D4816","NAME":"HERICK-2 IS EVEN","AT":1707871250381}
{"ID":"14D7322C-5C1B-45DA-B0E6-700D1008C345","NAME":"HERICK-4 IS EVEN","AT":1707871250381}
{"ID":"C048EC04-98A8-401F-9273-9F580E029F18","NAME":"HERICK-6 IS EVEN","AT":1707871250381}
{"ID":"C3FC06B4-CF9D-4223-AE2D-C3D5D8002A30","NAME":"HERICK-8 IS EVEN","AT":1707871250381}
{"ID":"BE20B171-41B4-4C49-8E96-98F5A9466702","NAME":"HERICK-10 IS EVEN","AT":1707871250381}
{"ID":"E914D539-D447-403A-A078-65FD503CB1D1","NAME":"HERICK-12 IS EVEN","AT":1707871250381}
{"ID":"300CC81B-B99A-4E33-8F48-B584B7F5B0D0","NAME":"HERICK-14 IS EVEN","AT":1707871250381}
{"ID":"49D0818D-2B9F-4861-B484-35F2775AC492","NAME":"HERICK-16 IS EVEN","AT":1707871250381}
{"ID":"DB13047F-CE20-4707-86CD-71D9C9CB690C","NAME":"HERICK-18 IS EVEN","AT":1707871250381}
{"ID":"F33FF811-8D29-40D4-88AB-EB42A6B17FE7","NAME":"HERICK-20 IS EVEN","AT":1707871250381}
{"ID":"7A713282-C08C-45E1-9FA3-5B4C59458828","NAME":"HERICK-22 IS EVEN","AT":1707871250381}
{"ID":"161CA055-1A78-4AF6-B851-B6C780D97322","NAME":"HERICK-24 IS EVEN","AT":1707871250381}
{"ID":"2739809A-FD24-4D3C-9B31-A0B289DD6B90","NAME":"HERICK-26 IS EVEN","AT":1707871250381}
{"ID":"A3B8D239-6C49-4B21-8395-542AC1EA0683","NAME":"HERICK-28 IS EVEN","AT":1707871250381}
{"ID":"C2853DAA-6105-4E8E-A530-F5CBAB076B35","NAME":"HERICK-30 IS EVEN","AT":1707871250381}
{"ID":"17DC3BF9-DBCF-4735-BEE2-EFF61C9971DC","NAME":"HERICK-32 IS EVEN","AT":1707871250381}
{"ID":"306ECFDD-2457-4C07-8483-15572EDD8FAA","NAME":"HERICK-34 IS EVEN","AT":1707871250381}
{"ID":"92D2D233-FEBE-476A-8499-776A482C1375","NAME":"HERICK-36 IS EVEN","AT":1707871250381}
{"ID":"46C71073-E286-4A89-B996-2A951E9B4F01","NAME":"HERICK-38 IS EVEN","AT":1707871250381}
{"ID":"EC32CA08-8114-4703-93A9-91F5FAA4C36C","NAME":"HERICK-40 IS EVEN","AT":1707871250381}
{"ID":"9D409674-B971-4CA9-9A22-350054243CC1","NAME":"HERICK-42 IS EVEN","AT":1707871250381}
{"ID":"8E78C125-A647-4129-B646-8BF12151683E","NAME":"HERICK-44 IS EVEN","AT":1707871250381}
{"ID":"4A2E1ED7-C1E5-43D9-832C-5998A73E2FC4","NAME":"HERICK-46 IS EVEN","AT":1707871250381}
{"ID":"E6E1735E-E8FB-46AA-80E1-469F88EBE5F7","NAME":"HERICK-48 IS EVEN","AT":1707871250381}
{"ID":"B3A7BD7A-13F7-4B0D-BF23-66F3B7EE0EEF","NAME":"HERICK-50 IS EVEN","AT":1707871250382}
{"ID":"2625030E-87E9-44A4-800E-D0D9161FBAF9","NAME":"HERICK-52 IS EVEN","AT":1707871250382}
{"ID":"0CA6D505-1305-40F1-8160-57116705B470","NAME":"HERICK-54 IS EVEN","AT":1707871250382}
{"ID":"69846EB1-BFE3-44FA-B0FA-EB2465919445","NAME":"HERICK-56 IS EVEN","AT":1707871250382}
{"ID":"F9965446-3468-4641-B330-6F61EAEB5F26","NAME":"HERICK-58 IS EVEN","AT":1707871250382}
{"ID":"DBB28A88-59EC-445A-B31D-E13D72D657C3","NAME":"HERICK-60 IS EVEN","AT":1707871250382}
{"ID":"A9F2A1DC-CBBB-4BB7-A944-655299C81E48","NAME":"HERICK-62 IS EVEN","AT":1707871250382}
{"ID":"8885CA5C-4E1E-4ADB-A80D-DB855D20ADAD","NAME":"HERICK-64 IS EVEN","AT":1707871250382}
{"ID":"55C53B19-FAFB-4190-A1B4-ABD98F690FC2","NAME":"HERICK-66 IS EVEN","AT":1707871250382}
{"ID":"062DA193-4753-46CF-A443-1E3DF807F8FA","NAME":"HERICK-68 IS EVEN","AT":1707871250382}
{"ID":"645986E6-2C47-48D3-AB4D-B9FC65D2FD5A","NAME":"HERICK-70 IS EVEN","AT":1707871250382}
{"ID":"F1A3980F-8B36-4A8E-A0C3-17CA9DF30BFD","NAME":"HERICK-72 IS EVEN","AT":1707871250382}
{"ID":"85ACD64E-D2B2-4696-91C2-2208F0043780","NAME":"HERICK-74 IS EVEN","AT":1707871250382}
{"ID":"602EA154-6221-455A-B31A-0737A0C610DF","NAME":"HERICK-76 IS EVEN","AT":1707871250382}
{"ID":"6BACA4B6-BFAF-4F44-900B-B1915815FE83","NAME":"HERICK-78 IS EVEN","AT":1707871250382}
{"ID":"95207AEF-F391-44DD-B4BD-A5D8332FA785","NAME":"HERICK-80 IS EVEN","AT":1707871250382}
{"ID":"0284F80A-33C6-4364-AA99-C3B21693C474","NAME":"HERICK-82 IS EVEN","AT":1707871250382}
{"ID":"FD821BBC-F04C-4FEA-BF95-25123418E0C1","NAME":"HERICK-84 IS EVEN","AT":1707871250382}
{"ID":"5DF2ABC9-5B60-4FE4-944B-7C5E5B4FD7BD","NAME":"HERICK-86 IS EVEN","AT":1707871250382}
{"ID":"4980AF1E-B99D-47F3-8220-9FCEE5AAE297","NAME":"HERICK-88 IS EVEN","AT":1707871250382}
{"ID":"66C96205-E4DE-4669-A957-87023E78D2B5","NAME":"HERICK-90 IS EVEN","AT":1707871250382}
{"ID":"632B41D0-00BD-4F3B-8B66-E446949758F7","NAME":"HERICK-92 IS EVEN","AT":1707871250382}
{"ID":"5A958A17-8D74-48E7-8BB5-51564EF67A04","NAME":"HERICK-94 IS EVEN","AT":1707871250382}
{"ID":"CAF1E0A3-4F64-4F8C-BEE5-0A24F75EC826","NAME":"HERICK-96 IS EVEN","AT":1707871250382}
{"ID":"284E7999-D9C1-4949-9916-8548695FB34D","NAME":"HERICK-98 IS EVEN","AT":1707871250382}
